Using pre-set license
Built from '2021.3/staging' branch; Version is '2021.3.8f1 (b30333d56e81) revision 11731763'; Using compiler version '192829333'; Build Type 'Release'
OS: 'Windows 10  (10.0.19045) 64bit Professional' Language: 'ru' Physical Memory: 65462 MB
BatchMode: 1, IsHumanControllingUs: 0, StartBugReporterOnCrash: 0, Is64bit: 1, IsPro: 1

COMMAND LINE ARGUMENTS:
Z:\Новая папка\2021.3.8f1\Editor\Unity.exe
-adb2
-batchMode
-noUpm
-name
AssetImportWorker2
-projectPath
Z:/Platformer/Platformer/Platformer
-logFile
Logs/AssetImportWorker2.log
-srvPort
55682
Successfully changed project path to: Z:/Platformer/Platformer/Platformer
Z:/Platformer/Platformer/Platformer
[UnityMemory] Configuration Parameters - Can be set up in boot.config
    "memorysetup-bucket-allocator-granularity=16"
    "memorysetup-bucket-allocator-bucket-count=8"
    "memorysetup-bucket-allocator-block-size=33554432"
    "memorysetup-bucket-allocator-block-count=8"
    "memorysetup-main-allocator-block-size=16777216"
    "memorysetup-thread-allocator-block-size=16777216"
    "memorysetup-gfx-main-allocator-block-size=16777216"
    "memorysetup-gfx-thread-allocator-block-size=16777216"
    "memorysetup-cache-allocator-block-size=4194304"
    "memorysetup-typetree-allocator-block-size=2097152"
    "memorysetup-profiler-bucket-allocator-granularity=16"
    "memorysetup-profiler-bucket-allocator-bucket-count=8"
    "memorysetup-profiler-bucket-allocator-block-size=33554432"
    "memorysetup-profiler-bucket-allocator-block-count=8"
    "memorysetup-profiler-allocator-block-size=16777216"
    "memorysetup-profiler-editor-allocator-block-size=1048576"
    "memorysetup-temp-allocator-size-main=16777216"
    "memorysetup-job-temp-allocator-block-size=2097152"
    "memorysetup-job-temp-allocator-block-size-background=1048576"
    "memorysetup-job-temp-allocator-reduction-small-platforms=262144"
    "memorysetup-temp-allocator-size-background-worker=32768"
    "memorysetup-temp-allocator-size-job-worker=262144"
    "memorysetup-temp-allocator-size-preload-manager=33554432"
    "memorysetup-temp-allocator-size-nav-mesh-worker=65536"
    "memorysetup-temp-allocator-size-audio-worker=65536"
    "memorysetup-temp-allocator-size-cloud-worker=32768"
    "memorysetup-temp-allocator-size-gi-baking-worker=262144"
    "memorysetup-temp-allocator-size-gfx=262144"
Refreshing native plugins compatible for Editor in 96.33 ms, found 3 plugins.
Preloading 0 native plugins for Editor in 0.00 ms.
Initialize engine version: 2021.3.8f1 (b30333d56e81)
[Subsystems] Discovering subsystems at path Z:/Новая папка/2021.3.8f1/Editor/Data/Resources/UnitySubsystems
[Subsystems] Discovering subsystems at path Z:/Platformer/Platformer/Platformer/Assets
GfxDevice: creating device client; threaded=0; jobified=0
Direct3D:
    Version:  Direct3D 11.0 [level 11.1]
    Renderer: AMD Radeon RX 6700 XT (ID=0x73df)
    Vendor:   ATI
    VRAM:     12243 MB
    Driver:   31.0.24019.1006
Initialize mono
Mono path[0] = 'Z:/Новая папка/2021.3.8f1/Editor/Data/Managed'
Mono path[1] = 'Z:/Новая папка/2021.3.8f1/Editor/Data/MonoBleedingEdge/lib/mono/unityjit-win32'
Mono config path = 'Z:/Новая папка/2021.3.8f1/Editor/Data/MonoBleedingEdge/etc'
Using monoOptions --debugger-agent=transport=dt_socket,embedding=1,server=y,suspend=n,address=127.0.0.1:56572
Begin MonoManager ReloadAssembly
Registering precompiled unity dll's ...
Register platform support module: Z:/Новая папка/2021.3.8f1/Editor/Data/PlaybackEngines/WebGLSupport/UnityEditor.WebGL.Extensions.dll
Register platform support module: Z:/Новая папка/2021.3.8f1/Editor/Data/PlaybackEngines/WindowsStandaloneSupport/UnityEditor.WindowsStandalone.Extensions.dll
Registered in 0.004021 seconds.
Native extension for WindowsStandalone target not found
Native extension for WebGL target not found
Refreshing native plugins compatible for Editor in 88.60 ms, found 3 plugins.
Preloading 0 native plugins for Editor in 0.00 ms.
Mono: successfully reloaded assembly
- Completed reload, in  0.499 seconds
Domain Reload Profiling:
	ReloadAssembly (500ms)
		BeginReloadAssembly (57ms)
			ExecutionOrderSort (0ms)
			DisableScriptedObjects (0ms)
			BackupInstance (0ms)
			ReleaseScriptingObjects (0ms)
			CreateAndSetChildDomain (1ms)
		EndReloadAssembly (367ms)
			LoadAssemblies (56ms)
			RebuildTransferFunctionScriptingTraits (0ms)
			SetupTypeCache (71ms)
			ReleaseScriptCaches (0ms)
			RebuildScriptCaches (23ms)
			SetupLoadedEditorAssemblies (237ms)
				LogAssemblyErrors (0ms)
				InitializePlatformSupportModulesInManaged (6ms)
				SetLoadedEditorAssemblies (0ms)
				RefreshPlugins (89ms)
				BeforeProcessingInitializeOnLoad (1ms)
				ProcessInitializeOnLoadAttributes (99ms)
				ProcessInitializeOnLoadMethodAttributes (41ms)
				AfterProcessingInitializeOnLoad (0ms)
				EditorAssembliesLoaded (0ms)
			ExecutionOrderSort2 (0ms)
			AwakeInstancesAfterBackupRestoration (0ms)
Platform modules already initialized, skipping
Registering precompiled user dll's ...
Registered in 0.006080 seconds.
Begin MonoManager ReloadAssembly
Symbol file LoadedFromMemory doesn't match image Z:\Platformer\Platformer\Platformer\Library\PackageCache\com.unity.visualscripting@1.7.8\Editor\VisualScripting.Core\Dependencies\YamlDotNet\Unity.VisualScripting.YamlDotNet.dll
Symbol file LoadedFromMemory doesn't match image Z:\Platformer\Platformer\Platformer\Library\PackageCache\com.unity.visualscripting@1.7.8\Editor\VisualScripting.Core\Dependencies\DotNetZip\Unity.VisualScripting.IonicZip.dll
Native extension for WindowsStandalone target not found
Native extension for WebGL target not found
Refreshing native plugins compatible for Editor in 99.70 ms, found 3 plugins.
Preloading 0 native plugins for Editor in 0.00 ms.
Mono: successfully reloaded assembly
- Completed reload, in  1.088 seconds
Domain Reload Profiling:
	ReloadAssembly (1089ms)
		BeginReloadAssembly (85ms)
			ExecutionOrderSort (0ms)
			DisableScriptedObjects (5ms)
			BackupInstance (0ms)
			ReleaseScriptingObjects (0ms)
			CreateAndSetChildDomain (17ms)
		EndReloadAssembly (937ms)
			LoadAssemblies (68ms)
			RebuildTransferFunctionScriptingTraits (0ms)
			SetupTypeCache (237ms)
			ReleaseScriptCaches (1ms)
			RebuildScriptCaches (54ms)
			SetupLoadedEditorAssemblies (548ms)
				LogAssemblyErrors (0ms)
				InitializePlatformSupportModulesInManaged (9ms)
				SetLoadedEditorAssemblies (0ms)
				RefreshPlugins (100ms)
				BeforeProcessingInitializeOnLoad (84ms)
				ProcessInitializeOnLoadAttributes (331ms)
				ProcessInitializeOnLoadMethodAttributes (22ms)
				AfterProcessingInitializeOnLoad (2ms)
				EditorAssembliesLoaded (0ms)
			ExecutionOrderSort2 (0ms)
			AwakeInstancesAfterBackupRestoration (5ms)
Platform modules already initialized, skipping
========================================================================
Worker process is ready to serve import requests
Launched and connected shader compiler UnityShaderCompiler.exe after 0.05 seconds
Refreshing native plugins compatible for Editor in 0.82 ms, found 3 plugins.
Preloading 0 native plugins for Editor in 0.00 ms.
Unloading 5291 Unused Serialized files (Serialized files now loaded: 0)
Unloading 51 unused Assets / (182.0 KB). Loaded Objects now: 5755.
Memory consumption went from 181.4 MB to 181.2 MB.
Total: 3.070100 ms (FindLiveObjects: 0.355300 ms CreateObjectMapping: 0.124100 ms MarkObjects: 2.494200 ms  DeleteObjects: 0.096100 ms)

AssetImportParameters requested are different than current active one (requested -> active):
  custom:video-decoder-ogg-theora: a1e56fd34408186e4bbccfd4996cb3dc -> 
  custom:container-muxer-webm: aa71ff27fc2769a1b78a27578f13a17b -> 
  custom:container-demuxer-webm: 4f35f7cbe854078d1ac9338744f61a02 -> 
  custom:video-encoder-webm-vp8: eb34c28f22e8b96e1ab97ce403110664 -> 
  custom:audio-encoder-webm-vorbis: bf7c407c2cedff20999df2af8eb42d56 -> 
  custom:framework-win-MediaFoundation: 216162199b28c13a410421893ffa2e32 -> 
  custom:container-demuxer-ogg: 62fdf1f143b41e24485cea50d1cbac27 -> 
  custom:video-decoder-webm-vp8: 9c59270c3fd7afecdb556c50c9e8de78 -> 
  custom:audio-decoder-ogg-vorbis: bf7c407c2cedff20999df2af8eb42d56 -> 
========================================================================
Received Import Request.
  Time since last request: 90265.385408 seconds.
  path: Assets/Scenes/StartMenu.unity
  artifactKey: Guid(3b4483e59c973e54a85308b3bee1b6e3) Importer(815301076,1909f56bfc062723c751e8b465ee728b)
Start importing Assets/Scenes/StartMenu.unity using Guid(3b4483e59c973e54a85308b3bee1b6e3) Importer(815301076,1909f56bfc062723c751e8b465ee728b)  -> (artifact id: '1a7c9847a397e76ed7a0f5d445c76528') in 0.008018 seconds 
========================================================================
Received Import Request.
  Time since last request: 99.535496 seconds.
  path: Assets/Plugins/Zenject/OptionalExtras/SampleGame1 (Beginner)/Media/Imported/SpaceShip/Materials/1K_Body-TXTR.mat
  artifactKey: Guid(a0e138ce6cd06f74d83cf3884415be92) Importer(815301076,1909f56bfc062723c751e8b465ee728b)
Start importing Assets/Plugins/Zenject/OptionalExtras/SampleGame1 (Beginner)/Media/Imported/SpaceShip/Materials/1K_Body-TXTR.mat using Guid(a0e138ce6cd06f74d83cf3884415be92) Importer(815301076,1909f56bfc062723c751e8b465ee728b)  -> (artifact id: 'b0a1731da28bd4f57578474169034cd7') in 0.146440 seconds 
========================================================================
Received Import Request.
  Time since last request: 0.000022 seconds.
  path: Assets/Plugins/Zenject/OptionalExtras/SampleGame1 (Beginner)/Media/Textures/Background/Materials/Free_Shmup_Sprites_Starfield 1.mat
  artifactKey: Guid(f96f18654fcb0a742b51183dab201105) Importer(815301076,1909f56bfc062723c751e8b465ee728b)
Start importing Assets/Plugins/Zenject/OptionalExtras/SampleGame1 (Beginner)/Media/Textures/Background/Materials/Free_Shmup_Sprites_Starfield 1.mat using Guid(f96f18654fcb0a742b51183dab201105) Importer(815301076,1909f56bfc062723c751e8b465ee728b)  -> (artifact id: '8d3cf945df08ac9677b0252124315144') in 0.028946 seconds 
========================================================================
Received Import Request.
  Time since last request: 0.000021 seconds.
  path: Assets/TextMesh Pro/Resources/Fonts & Materials/LiberationSans SDF - Outline.mat
  artifactKey: Guid(79459efec17a4d00a321bdcc27bbc385) Importer(815301076,1909f56bfc062723c751e8b465ee728b)
Start importing Assets/TextMesh Pro/Resources/Fonts & Materials/LiberationSans SDF - Outline.mat using Guid(79459efec17a4d00a321bdcc27bbc385) Importer(815301076,1909f56bfc062723c751e8b465ee728b)  -> (artifact id: 'ba6ed359d2d91a2672da610eb2f70f21') in 0.048047 seconds 
========================================================================
Received Import Request.
  Time since last request: 0.000030 seconds.
  path: Assets/Plugins/Zenject/OptionalExtras/SampleGame1 (Beginner)/Media/Imported/Materials/Glow.mat
  artifactKey: Guid(209ea2f17ebe64e85a177a9bbad10476) Importer(815301076,1909f56bfc062723c751e8b465ee728b)
Start importing Assets/Plugins/Zenject/OptionalExtras/SampleGame1 (Beginner)/Media/Imported/Materials/Glow.mat using Guid(209ea2f17ebe64e85a177a9bbad10476) Importer(815301076,1909f56bfc062723c751e8b465ee728b)  -> (artifact id: '07ddde0fa064685deda47654bb482b9b') in 0.012664 seconds 
========================================================================
Received Import Request.
  Time since last request: 0.000017 seconds.
  path: Assets/Plugins/Zenject/OptionalExtras/SampleGame1 (Beginner)/Media/Meshes/Materials/Material.mat
  artifactKey: Guid(62155033a16c4eb4ab0878b56d98970f) Importer(815301076,1909f56bfc062723c751e8b465ee728b)
Start importing Assets/Plugins/Zenject/OptionalExtras/SampleGame1 (Beginner)/Media/Meshes/Materials/Material.mat using Guid(62155033a16c4eb4ab0878b56d98970f) Importer(815301076,1909f56bfc062723c751e8b465ee728b)  -> (artifact id: 'c2d47e6a9614e6027039221446f82678') in 0.023271 seconds 
========================================================================
Received Import Request.
  Time since last request: 0.000017 seconds.
  path: Assets/Plugins/Zenject/OptionalExtras/SampleGame1 (Beginner)/Media/Imported/SpaceShip/Materials/Space_Shooter_Material.mat
  artifactKey: Guid(a514b444dba54df418424449041a3aa6) Importer(815301076,1909f56bfc062723c751e8b465ee728b)
Start importing Assets/Plugins/Zenject/OptionalExtras/SampleGame1 (Beginner)/Media/Imported/SpaceShip/Materials/Space_Shooter_Material.mat using Guid(a514b444dba54df418424449041a3aa6) Importer(815301076,1909f56bfc062723c751e8b465ee728b)  -> (artifact id: '64b807b82c37b45f53b2351c772575b9') in 0.015588 seconds 
========================================================================
Received Import Request.
  Time since last request: 0.000020 seconds.
  path: Assets/Plugins/Zenject/OptionalExtras/SampleGame2 (Advanced)/Media/Materials/BulletEnemy.mat
  artifactKey: Guid(eeda8e5511ed0494ea45f29b908d1d8c) Importer(815301076,1909f56bfc062723c751e8b465ee728b)
Start importing Assets/Plugins/Zenject/OptionalExtras/SampleGame2 (Advanced)/Media/Materials/BulletEnemy.mat using Guid(eeda8e5511ed0494ea45f29b908d1d8c) Importer(815301076,1909f56bfc062723c751e8b465ee728b)  -> (artifact id: '613ad690f81e944c5161cdbb6683cdd2') in 0.011098 seconds 
========================================================================
Received Import Request.
  Time since last request: 0.000023 seconds.
  path: Assets/Plugins/Zenject/OptionalExtras/SampleGame2 (Advanced)/Media/Materials/Enemy1.mat
  artifactKey: Guid(50755dee91b8d2142a777c6b00ad6923) Importer(815301076,1909f56bfc062723c751e8b465ee728b)
Start importing Assets/Plugins/Zenject/OptionalExtras/SampleGame2 (Advanced)/Media/Materials/Enemy1.mat using Guid(50755dee91b8d2142a777c6b00ad6923) Importer(815301076,1909f56bfc062723c751e8b465ee728b)  -> (artifact id: 'd595e76b833f2a501efcaa65624c9bbb') in 0.008678 seconds 
========================================================================
Received Import Request.
  Time since last request: 0.000014 seconds.
  path: Assets/TextMesh Pro/Resources/Fonts & Materials/LiberationSans SDF - Drop Shadow.mat
  artifactKey: Guid(e73a58f6e2794ae7b1b7e50b7fb811b0) Importer(815301076,1909f56bfc062723c751e8b465ee728b)
Start importing Assets/TextMesh Pro/Resources/Fonts & Materials/LiberationSans SDF - Drop Shadow.mat using Guid(e73a58f6e2794ae7b1b7e50b7fb811b0) Importer(815301076,1909f56bfc062723c751e8b465ee728b)  -> (artifact id: '3a585964693b7e750eca08560e85daae') in 0.027273 seconds 
========================================================================
Received Import Request.
  Time since last request: 0.000017 seconds.
  path: Assets/TextMesh Pro/Resources/Fonts & Materials/LiberationSans SDF.asset
  artifactKey: Guid(8f586378b4e144a9851e7b34d9b748ee) Importer(815301076,1909f56bfc062723c751e8b465ee728b)
Start importing Assets/TextMesh Pro/Resources/Fonts & Materials/LiberationSans SDF.asset using Guid(8f586378b4e144a9851e7b34d9b748ee) Importer(815301076,1909f56bfc062723c751e8b465ee728b)  -> (artifact id: '0ab991c0cb721cc32f5eec5d736f8ee4') in 0.049065 seconds 
========================================================================
Received Import Request.
  Time since last request: 0.000022 seconds.
  path: Assets/Plugins/Zenject/OptionalExtras/SampleGame1 (Beginner)/Media/Imported/Rocks/meshes/Materials/No Name.mat
  artifactKey: Guid(d9ac87544b6e60b4f93bb932aec2fa1c) Importer(815301076,1909f56bfc062723c751e8b465ee728b)
Start importing Assets/Plugins/Zenject/OptionalExtras/SampleGame1 (Beginner)/Media/Imported/Rocks/meshes/Materials/No Name.mat using Guid(d9ac87544b6e60b4f93bb932aec2fa1c) Importer(815301076,1909f56bfc062723c751e8b465ee728b)  -> (artifact id: '018fe9a9389b7e03a8290383ef646603') in 0.010455 seconds 
========================================================================
Received Import Request.
  Time since last request: 0.000023 seconds.
  path: Assets/Plugins/Zenject/OptionalExtras/SampleGame2 (Advanced)/Media/Models/Materials/Material.mat
  artifactKey: Guid(a9aa4d682c71a304b87783910b8a6ef1) Importer(815301076,1909f56bfc062723c751e8b465ee728b)
Start importing Assets/Plugins/Zenject/OptionalExtras/SampleGame2 (Advanced)/Media/Models/Materials/Material.mat using Guid(a9aa4d682c71a304b87783910b8a6ef1) Importer(815301076,1909f56bfc062723c751e8b465ee728b)  -> (artifact id: 'a4819006c9dcb5aca7a3443cef18a0c1') in 0.017628 seconds 
Editor requested this worker to shutdown with reason: Scaling down because of idle timeout
AssetImportWorker is now disconnected from the server
Process exiting
Exiting without the bug reporter. Application will terminate with return code 0